<?xml version="1.0" encoding="UTF-8"?>
<!-- Generated by org.testng.reporters.JUnitXMLReporter -->
<testsuite hostname="Harini-PC" name="DataProviderTest" tests="3" failures="0" timestamp="21 Nov 2018 09:46:33 GMT" time="0.014" errors="0">
  <testcase name="test" time="0.005" classname="testNG.DataProviderTest"/>
  <testcase name="test" time="0.001" classname="testNG.DataProviderTest"/>
  <testcase name="test" time="0.002" classname="testNG.DataProviderTest"/>
</testsuite> <!-- DataProviderTest -->
