<?xml version="1.0" encoding="UTF-8"?>
<!-- Generated by org.testng.reporters.JUnitXMLReporter -->
<testsuite hostname="Harini-PC" name="dependsOnTest" tests="3" failures="1" timestamp="21 Nov 2018 09:46:32 GMT" time="0.015" errors="0">
  <testcase name="login" time="0.002" classname="testNG.DependsOnTest"/>
  <testcase name="logout" time="0.005" classname="testNG.DependsOnTest">
    <failure type="java.lang.AssertionError" message="expected [true] but found [false]">
      <![CDATA[java.lang.AssertionError: expected [true] but found [false]
	at testNG.DependsOnTest.logout(DependsOnTest.java:23)
	at java.util.concurrent.ThreadPoolExecutor.runWorker(ThreadPoolExecutor.java:1149)
	at java.util.concurrent.ThreadPoolExecutor$Worker.run(ThreadPoolExecutor.java:624)
	at java.lang.Thread.run(Thread.java:748)
... Removed 14 stack frames]]>
    </failure>
  </testcase> <!-- logout -->
  <testcase name="test2" time="0.0" classname="testNG.DependsOnTest">
    <skipped/>
  </testcase> <!-- test2 -->
</testsuite> <!-- dependsOnTest -->
