<?xml version="1.0" encoding="UTF-8"?>
<testng-results skipped="1" failed="1" total="13" passed="11">
  <reporter-output>
  </reporter-output>
  <suite name="basicAnnotaions" duration-ms="330" started-at="2018-11-21T09:46:32Z" finished-at="2018-11-21T09:46:33Z">
    <groups>
      <group name="database">
        <method signature="GroupTest.test2()[pri:0, instance:testNG.GroupTest@ebc39e]" name="test2" class="testNG.GroupTest"/>
      </group> <!-- database -->
      <group name="regression">
        <method signature="GroupTest.test1()[pri:0, instance:testNG.GroupTest@ebc39e]" name="test1" class="testNG.GroupTest"/>
      </group> <!-- regression -->
      <group name="sanity">
        <method signature="GroupTest.test1()[pri:0, instance:testNG.GroupTest@ebc39e]" name="test1" class="testNG.GroupTest"/>
        <method signature="GroupTest.test2()[pri:0, instance:testNG.GroupTest@ebc39e]" name="test2" class="testNG.GroupTest"/>
        <method signature="GroupTest.test3()[pri:0, instance:testNG.GroupTest@ebc39e]" name="test3" class="testNG.GroupTest"/>
      </group> <!-- sanity -->
    </groups>
    <test name="basicAnnotaions" duration-ms="54" started-at="2018-11-21T09:46:32Z" finished-at="2018-11-21T09:46:32Z">
      <class name="testNG.Allannotaions">
        <test-method status="PASS" signature="beforeTest()[pri:0, instance:testNG.Allannotaions@653222]" name="beforeTest" is-config="true" duration-ms="0" started-at="2018-11-21T15:16:32Z" finished-at="2018-11-21T15:16:32Z">
          <reporter-output>
          </reporter-output>
        </test-method> <!-- beforeTest -->
        <test-method status="PASS" signature="beforeClass()[pri:0, instance:testNG.Allannotaions@653222]" name="beforeClass" is-config="true" duration-ms="0" started-at="2018-11-21T15:16:32Z" finished-at="2018-11-21T15:16:32Z">
          <reporter-output>
          </reporter-output>
        </test-method> <!-- beforeClass -->
        <test-method status="PASS" signature="test1()[pri:0, instance:testNG.Allannotaions@653222]" name="test1" duration-ms="8" started-at="2018-11-21T15:16:32Z" finished-at="2018-11-21T15:16:32Z">
          <reporter-output>
          </reporter-output>
        </test-method> <!-- test1 -->
        <test-method status="PASS" signature="beforeMethod()[pri:0, instance:testNG.Allannotaions@653222]" name="beforeMethod" is-config="true" duration-ms="0" started-at="2018-11-21T15:16:32Z" finished-at="2018-11-21T15:16:32Z">
          <reporter-output>
          </reporter-output>
        </test-method> <!-- beforeMethod -->
        <test-method status="PASS" signature="afterMethod()[pri:0, instance:testNG.Allannotaions@653222]" name="afterMethod" is-config="true" duration-ms="0" started-at="2018-11-21T15:16:32Z" finished-at="2018-11-21T15:16:32Z">
          <reporter-output>
          </reporter-output>
        </test-method> <!-- afterMethod -->
        <test-method status="PASS" signature="beforeMethod()[pri:0, instance:testNG.Allannotaions@653222]" name="beforeMethod" is-config="true" duration-ms="0" started-at="2018-11-21T15:16:32Z" finished-at="2018-11-21T15:16:32Z">
          <reporter-output>
          </reporter-output>
        </test-method> <!-- beforeMethod -->
        <test-method status="PASS" signature="test2()[pri:0, instance:testNG.Allannotaions@653222]" name="test2" duration-ms="1" started-at="2018-11-21T15:16:32Z" finished-at="2018-11-21T15:16:32Z">
          <reporter-output>
          </reporter-output>
        </test-method> <!-- test2 -->
        <test-method status="PASS" signature="afterClass()[pri:0, instance:testNG.Allannotaions@653222]" name="afterClass" is-config="true" duration-ms="0" started-at="2018-11-21T15:16:32Z" finished-at="2018-11-21T15:16:32Z">
          <reporter-output>
          </reporter-output>
        </test-method> <!-- afterClass -->
        <test-method status="PASS" signature="afterMethod()[pri:0, instance:testNG.Allannotaions@653222]" name="afterMethod" is-config="true" duration-ms="0" started-at="2018-11-21T15:16:32Z" finished-at="2018-11-21T15:16:32Z">
          <reporter-output>
          </reporter-output>
        </test-method> <!-- afterMethod -->
        <test-method status="PASS" signature="afterTest()[pri:0, instance:testNG.Allannotaions@653222]" name="afterTest" is-config="true" duration-ms="0" started-at="2018-11-21T15:16:32Z" finished-at="2018-11-21T15:16:32Z">
          <reporter-output>
          </reporter-output>
        </test-method> <!-- afterTest -->
      </class> <!-- testNG.Allannotaions -->
    </test> <!-- basicAnnotaions -->
    <test name="groupsTest" duration-ms="13" started-at="2018-11-21T09:46:32Z" finished-at="2018-11-21T09:46:32Z">
      <class name="testNG.GroupTest">
        <test-method status="PASS" signature="setUP()[pri:0, instance:testNG.GroupTest@ebc39e]" name="setUP" is-config="true" duration-ms="0" started-at="2018-11-21T15:16:32Z" finished-at="2018-11-21T15:16:32Z">
          <reporter-output>
          </reporter-output>
        </test-method> <!-- setUP -->
        <test-method status="PASS" signature="test1()[pri:0, instance:testNG.GroupTest@ebc39e]" name="test1" duration-ms="2" started-at="2018-11-21T15:16:32Z" finished-at="2018-11-21T15:16:32Z">
          <reporter-output>
          </reporter-output>
        </test-method> <!-- test1 -->
        <test-method status="PASS" signature="test2()[pri:0, instance:testNG.GroupTest@ebc39e]" name="test2" duration-ms="2" started-at="2018-11-21T15:16:32Z" finished-at="2018-11-21T15:16:32Z">
          <reporter-output>
          </reporter-output>
        </test-method> <!-- test2 -->
        <test-method status="PASS" signature="test3()[pri:0, instance:testNG.GroupTest@ebc39e]" name="test3" duration-ms="1" started-at="2018-11-21T15:16:32Z" finished-at="2018-11-21T15:16:32Z">
          <reporter-output>
          </reporter-output>
        </test-method> <!-- test3 -->
      </class> <!-- testNG.GroupTest -->
    </test> <!-- groupsTest -->
    <test name="dependsOnTest" duration-ms="15" started-at="2018-11-21T09:46:32Z" finished-at="2018-11-21T09:46:32Z">
      <class name="testNG.DependsOnTest">
        <test-method status="PASS" signature="login()[pri:0, instance:testNG.DependsOnTest@ecd4b]" name="login" duration-ms="2" started-at="2018-11-21T15:16:32Z" finished-at="2018-11-21T15:16:32Z">
          <reporter-output>
          </reporter-output>
        </test-method> <!-- login -->
        <test-method status="FAIL" signature="logout()[pri:0, instance:testNG.DependsOnTest@ecd4b]" name="logout" duration-ms="5" started-at="2018-11-21T15:16:32Z" depends-on-methods="testNG.DependsOnTest.login" finished-at="2018-11-21T15:16:32Z">
          <exception class="java.lang.AssertionError">
            <message>
              <![CDATA[expected [true] but found [false]]]>
            </message>
            <full-stacktrace>
              <![CDATA[java.lang.AssertionError: expected [true] but found [false]
	at org.testng.Assert.fail(Assert.java:94)
	at org.testng.Assert.failNotEquals(Assert.java:494)
	at org.testng.Assert.assertTrue(Assert.java:42)
	at org.testng.Assert.assertTrue(Assert.java:52)
	at testNG.DependsOnTest.logout(DependsOnTest.java:23)
	at sun.reflect.NativeMethodAccessorImpl.invoke0(Native Method)
	at sun.reflect.NativeMethodAccessorImpl.invoke(NativeMethodAccessorImpl.java:62)
	at sun.reflect.DelegatingMethodAccessorImpl.invoke(DelegatingMethodAccessorImpl.java:43)
	at java.lang.reflect.Method.invoke(Method.java:498)
	at org.testng.internal.MethodInvocationHelper.invokeMethod(MethodInvocationHelper.java:80)
	at org.testng.internal.Invoker.invokeMethod(Invoker.java:714)
	at org.testng.internal.Invoker.invokeTestMethod(Invoker.java:901)
	at org.testng.internal.Invoker.invokeTestMethods(Invoker.java:1231)
	at org.testng.internal.TestMethodWorker.invokeTestMethods(TestMethodWorker.java:127)
	at org.testng.internal.TestMethodWorker.run(TestMethodWorker.java:111)
	at java.util.concurrent.ThreadPoolExecutor.runWorker(ThreadPoolExecutor.java:1149)
	at java.util.concurrent.ThreadPoolExecutor$Worker.run(ThreadPoolExecutor.java:624)
	at java.lang.Thread.run(Thread.java:748)
]]>
            </full-stacktrace>
          </exception> <!-- java.lang.AssertionError -->
          <reporter-output>
          </reporter-output>
        </test-method> <!-- logout -->
        <test-method status="SKIP" signature="test2()[pri:0, instance:testNG.DependsOnTest@ecd4b]" name="test2" duration-ms="0" started-at="2018-11-21T15:16:32Z" depends-on-methods="testNG.DependsOnTest.logout, testNG.DependsOnTest.login" finished-at="2018-11-21T15:16:32Z">
          <reporter-output>
          </reporter-output>
        </test-method> <!-- test2 -->
      </class> <!-- testNG.DependsOnTest -->
    </test> <!-- dependsOnTest -->
    <test name="parameterTest" duration-ms="8" started-at="2018-11-21T09:46:32Z" finished-at="2018-11-21T09:46:32Z">
      <class name="testNG.ParametersInTestNG">
        <test-method status="PASS" signature="testLogin(java.lang.String, java.lang.String)[pri:0, instance:testNG.ParametersInTestNG@f777e8]" name="testLogin" duration-ms="2" started-at="2018-11-21T15:16:32Z" finished-at="2018-11-21T15:16:32Z">
          <params>
            <param index="0">
              <value>
                <![CDATA[userName123]]>
              </value>
            </param>
            <param index="1">
              <value>
                <![CDATA[password123]]>
              </value>
            </param>
          </params>
          <reporter-output>
          </reporter-output>
        </test-method> <!-- testLogin -->
      </class> <!-- testNG.ParametersInTestNG -->
    </test> <!-- parameterTest -->
    <test name="DataProviderTest" duration-ms="14" started-at="2018-11-21T09:46:33Z" finished-at="2018-11-21T09:46:33Z">
      <class name="testNG.DataProviderTest">
        <test-method status="PASS" signature="test(java.lang.String, java.lang.String)[pri:0, instance:testNG.DataProviderTest@12108b5]" name="test" duration-ms="5" started-at="2018-11-21T15:16:33Z" data-provider="data" finished-at="2018-11-21T15:16:33Z">
          <params>
            <param index="0">
              <value>
                <![CDATA[userName1]]>
              </value>
            </param>
            <param index="1">
              <value>
                <![CDATA[passowrd1]]>
              </value>
            </param>
          </params>
          <reporter-output>
          </reporter-output>
        </test-method> <!-- test -->
        <test-method status="PASS" signature="test(java.lang.String, java.lang.String)[pri:0, instance:testNG.DataProviderTest@12108b5]" name="test" duration-ms="1" started-at="2018-11-21T15:16:33Z" data-provider="data" finished-at="2018-11-21T15:16:33Z">
          <params>
            <param index="0">
              <value>
                <![CDATA[userName2]]>
              </value>
            </param>
            <param index="1">
              <value>
                <![CDATA[passowrd2]]>
              </value>
            </param>
          </params>
          <reporter-output>
          </reporter-output>
        </test-method> <!-- test -->
        <test-method status="PASS" signature="test(java.lang.String, java.lang.String)[pri:0, instance:testNG.DataProviderTest@12108b5]" name="test" duration-ms="2" started-at="2018-11-21T15:16:33Z" data-provider="data" finished-at="2018-11-21T15:16:33Z">
          <params>
            <param index="0">
              <value>
                <![CDATA[userName3]]>
              </value>
            </param>
            <param index="1">
              <value>
                <![CDATA[passowrd3]]>
              </value>
            </param>
          </params>
          <reporter-output>
          </reporter-output>
        </test-method> <!-- test -->
      </class> <!-- testNG.DataProviderTest -->
    </test> <!-- DataProviderTest -->
    <test name="EnableAndDisableTest" duration-ms="4" started-at="2018-11-21T09:46:33Z" finished-at="2018-11-21T09:46:33Z">
      <class name="testNG.Allannotaions">
        <test-method status="PASS" signature="beforeSuite()[pri:0, instance:testNG.Allannotaions@653222]" name="beforeSuite" is-config="true" duration-ms="15" started-at="2018-11-21T15:16:32Z" finished-at="2018-11-21T15:16:32Z">
          <reporter-output>
          </reporter-output>
        </test-method> <!-- beforeSuite -->
        <test-method status="PASS" signature="afterSuite()[pri:0, instance:testNG.Allannotaions@653222]" name="afterSuite" is-config="true" duration-ms="0" started-at="2018-11-21T15:16:33Z" finished-at="2018-11-21T15:16:33Z">
          <reporter-output>
          </reporter-output>
        </test-method> <!-- afterSuite -->
      </class> <!-- testNG.Allannotaions -->
      <class name="testNG.EnableAndDisableTest">
        <test-method status="PASS" signature="test()[pri:0, instance:testNG.EnableAndDisableTest@6451e]" name="test" duration-ms="2" started-at="2018-11-21T15:16:33Z" description="I am login test with valid data" finished-at="2018-11-21T15:16:33Z">
          <reporter-output>
          </reporter-output>
        </test-method> <!-- test -->
      </class> <!-- testNG.EnableAndDisableTest -->
    </test> <!-- EnableAndDisableTest -->
  </suite> <!-- basicAnnotaions -->
</testng-results>
